GROUP,PACKAGE,CLASS,INSTRUCTION_MISSED,INSTRUCTION_COVERED,BRANCH_MISSED,BRANCH_COVERED,LINE_MISSED,LINE_COVERED,COMPLEXITY_MISSED,COMPLEXITY_COVERED,METHOD_MISSED,METHOD_COVERED
SpamSchutz - simple way to protect your mail adresses from naïve spammers,de.aikiit.spamprotector.converter,SpamProtector,3,148,0,18,1,28,1,12,1,3
SpamSchutz - simple way to protect your mail adresses from naïve spammers,de.aikiit.spamprotector.converter,CharacterConverter,5,1165,0,0,0,102,1,5,1,5
SpamSchutz - simple way to protect your mail adresses from naïve spammers,de.aikiit.spamprotector.util,Version,3,0,0,0,1,0,1,0,1,0
SpamSchutz - simple way to protect your mail adresses from naïve spammers,de.aikiit.spamprotector.util,LocalizationHelper,10,122,3,5,3,25,4,7,1,6
SpamSchutz - simple way to protect your mail adresses from naïve spammers,de.aikiit.spamprotector,GUI,207,25,2,0,47,7,7,3,6,3
SpamSchutz - simple way to protect your mail adresses from naïve spammers,de.aikiit.spamprotector,AntiSpamApplication,39,0,0,0,13,0,4,0,4,0
SpamSchutz - simple way to protect your mail adresses from naïve spammers,de.aikiit.spamprotector,AntiSpamApplet,18,0,0,0,4,0,2,0,2,0
