GROUP,PACKAGE,CLASS,INSTRUCTION_MISSED,INSTRUCTION_COVERED,BRANCH_MISSED,BRANCH_COVERED,LINE_MISSED,LINE_COVERED,COMPLEXITY_MISSED,COMPLEXITY_COVERED,METHOD_MISSED,METHOD_COVERED
SpamSchutz - simple way to protect your mail adresses from naïve spammers,de.aikiit.spamprotector.converter,SpamProtector,266,544,0,20,1,29,4,14,4,4
SpamSchutz - simple way to protect your mail adresses from naïve spammers,de.aikiit.spamprotector.converter,CharacterConverter,646,1892,0,2,0,102,3,6,3,5
SpamSchutz - simple way to protect your mail adresses from naïve spammers,de.aikiit.spamprotector.util,Version,50,0,2,0,1,0,7,0,6,0
SpamSchutz - simple way to protect your mail adresses from naïve spammers,de.aikiit.spamprotector.util,LocalizationHelper,288,411,3,7,3,28,7,9,4,7
SpamSchutz - simple way to protect your mail adresses from naïve spammers,de.aikiit.spamprotector,GUI,1133,0,4,0,55,0,15,0,13,0
SpamSchutz - simple way to protect your mail adresses from naïve spammers,de.aikiit.spamprotector,AntiSpamApplication,251,0,2,0,13,0,10,0,9,0
SpamSchutz - simple way to protect your mail adresses from naïve spammers,de.aikiit.spamprotector,AntiSpamApplet,106,0,2,0,4,0,8,0,7,0
